c:\users\joel matic\desktop\imgui-external-base-main\imgui-external-base-main\x64\release\vc143.pdb
c:\users\joel matic\desktop\imgui-external-base-main\imgui-external-base-main\x64\release\teleport.obj
c:\users\joel matic\desktop\imgui-external-base-main\imgui-external-base-main\x64\release\esp.obj
c:\users\joel matic\desktop\imgui-external-base-main\imgui-external-base-main\x64\release\main.obj
c:\users\joel matic\desktop\imgui-external-base-main\imgui-external-base-main\x64\release\imgui_widgets.obj
c:\users\joel matic\desktop\imgui-external-base-main\imgui-external-base-main\x64\release\imgui_tables.obj
c:\users\joel matic\desktop\imgui-external-base-main\imgui-external-base-main\x64\release\imgui_impl_win32.obj
c:\users\joel matic\desktop\imgui-external-base-main\imgui-external-base-main\x64\release\imgui_impl_dx9.obj
c:\users\joel matic\desktop\imgui-external-base-main\imgui-external-base-main\x64\release\imgui_draw.obj
c:\users\joel matic\desktop\imgui-external-base-main\imgui-external-base-main\x64\release\imgui_demo.obj
c:\users\joel matic\desktop\imgui-external-base-main\imgui-external-base-main\x64\release\imgui.obj
c:\users\joel matic\desktop\imgui-external-base-main\imgui-external-base-main\x64\release\menu.obj
c:\users\joel matic\desktop\imgui-external-base-main\imgui-external-base-main\x64\release\utils.obj
c:\users\joel matic\desktop\imgui-external-base-main\imgui-external-base-main\x64\release\mouse.obj
c:\users\joel matic\desktop\imgui-external-base-main\imgui-external-base-main\x64\release\memory.obj
c:\users\joel matic\desktop\imgui-external-base-main\imgui-external-base-main\x64\release\keyboard.obj
c:\users\joel matic\desktop\imgui-external-base-main\imgui-external-base-main\x64\release\configmanger.obj
c:\users\joel matic\desktop\imgui-external-base-main\imgui-external-base-main\x64\release\colored_cout.obj
c:\users\joel matic\desktop\imgui-external-base-main\imgui-external-base-main\x64\release\base.ipdb
c:\users\joel matic\desktop\imgui-external-base-main\imgui-external-base-main\x64\release\base.iobj
c:\users\joel matic\desktop\imgui-external-base-main\imgui-external-base-main\\build\release\base.pdb
c:\users\joel matic\desktop\imgui-external-base-main\imgui-external-base-main\x64\release\base.tlog\cl.command.1.tlog
c:\users\joel matic\desktop\imgui-external-base-main\imgui-external-base-main\x64\release\base.tlog\cl.items.tlog
c:\users\joel matic\desktop\imgui-external-base-main\imgui-external-base-main\x64\release\base.tlog\cl.read.1.tlog
c:\users\joel matic\desktop\imgui-external-base-main\imgui-external-base-main\x64\release\base.tlog\cl.write.1.tlog
c:\users\joel matic\desktop\imgui-external-base-main\imgui-external-base-main\x64\release\base.tlog\link.command.1.tlog
c:\users\joel matic\desktop\imgui-external-base-main\imgui-external-base-main\x64\release\base.tlog\link.read.1.tlog
c:\users\joel matic\desktop\imgui-external-base-main\imgui-external-base-main\x64\release\base.tlog\link.write.1.tlog
